INFO - 2023-02-01 12:06:49 --> Session: Class initialized using 'CodeIgniter\Session\Handlers\FileHandler' driver.
INFO - 2023-02-01 12:06:59 --> Session: Class initialized using 'CodeIgniter\Session\Handlers\FileHandler' driver.
INFO - 2023-02-01 12:08:20 --> Session: Class initialized using 'CodeIgniter\Session\Handlers\FileHandler' driver.
INFO - 2023-02-01 12:12:48 --> Session: Class initialized using 'CodeIgniter\Session\Handlers\FileHandler' driver.
INFO - 2023-02-01 12:20:34 --> Session: Class initialized using 'CodeIgniter\Session\Handlers\FileHandler' driver.
INFO - 2023-02-01 12:22:49 --> Session: Class initialized using 'CodeIgniter\Session\Handlers\FileHandler' driver.
INFO - 2023-02-01 12:22:59 --> Session: Class initialized using 'CodeIgniter\Session\Handlers\FileHandler' driver.
INFO - 2023-02-01 12:28:40 --> Session: Class initialized using 'CodeIgniter\Session\Handlers\FileHandler' driver.
INFO - 2023-02-01 12:28:43 --> Session: Class initialized using 'CodeIgniter\Session\Handlers\FileHandler' driver.
INFO - 2023-02-01 12:35:51 --> Session: Class initialized using 'CodeIgniter\Session\Handlers\FileHandler' driver.
INFO - 2023-02-01 12:35:56 --> Session: Class initialized using 'CodeIgniter\Session\Handlers\FileHandler' driver.
CRITICAL - 2023-02-01 12:36:06 --> Invalid file: "home/ops.php"
in SYSTEMPATH\Exceptions\FrameworkException.php on line 33.
 1 SYSTEMPATH\View\View.php(201): CodeIgniter\Exceptions\FrameworkException::forInvalidFile('home/ops.php')
 2 SYSTEMPATH\Common.php(1177): CodeIgniter\View\View->render('home/ops.php', [], true)
 3 APPPATH\Controllers\Home.php(153): view('home/ops.php')
 4 SYSTEMPATH\CodeIgniter.php(934): App\Controllers\Home->ops()
 5 SYSTEMPATH\CodeIgniter.php(499): CodeIgniter\CodeIgniter->runController(Object(App\Controllers\Home))
 6 SYSTEMPATH\CodeIgniter.php(368): CodeIgniter\CodeIgniter->handleRequest(null, Object(Config\Cache), false)
 7 FCPATH\index.php(67): CodeIgniter\CodeIgniter->run()
 8 SYSTEMPATH\Commands\Server\rewrite.php(47): require_once('FCPATH\\index.php')
INFO - 2023-02-01 12:36:12 --> Session: Class initialized using 'CodeIgniter\Session\Handlers\FileHandler' driver.
INFO - 2023-02-01 12:37:12 --> Session: Class initialized using 'CodeIgniter\Session\Handlers\FileHandler' driver.
INFO - 2023-02-01 12:37:14 --> Session: Class initialized using 'CodeIgniter\Session\Handlers\FileHandler' driver.
INFO - 2023-02-01 12:38:16 --> Session: Class initialized using 'CodeIgniter\Session\Handlers\FileHandler' driver.
INFO - 2023-02-01 12:38:19 --> Session: Class initialized using 'CodeIgniter\Session\Handlers\FileHandler' driver.
INFO - 2023-02-01 12:38:28 --> Session: Class initialized using 'CodeIgniter\Session\Handlers\FileHandler' driver.
INFO - 2023-02-01 12:38:32 --> Session: Class initialized using 'CodeIgniter\Session\Handlers\FileHandler' driver.
INFO - 2023-02-01 12:38:42 --> Session: Class initialized using 'CodeIgniter\Session\Handlers\FileHandler' driver.
INFO - 2023-02-01 12:39:06 --> Session: Class initialized using 'CodeIgniter\Session\Handlers\FileHandler' driver.
INFO - 2023-02-01 12:39:20 --> Session: Class initialized using 'CodeIgniter\Session\Handlers\FileHandler' driver.
INFO - 2023-02-01 12:39:30 --> Session: Class initialized using 'CodeIgniter\Session\Handlers\FileHandler' driver.
INFO - 2023-02-01 12:39:40 --> Session: Class initialized using 'CodeIgniter\Session\Handlers\FileHandler' driver.
INFO - 2023-02-01 12:40:57 --> Session: Class initialized using 'CodeIgniter\Session\Handlers\FileHandler' driver.
INFO - 2023-02-01 12:41:12 --> Session: Class initialized using 'CodeIgniter\Session\Handlers\FileHandler' driver.
INFO - 2023-02-01 12:49:35 --> Session: Class initialized using 'CodeIgniter\Session\Handlers\FileHandler' driver.
INFO - 2023-02-01 12:50:30 --> Session: Class initialized using 'CodeIgniter\Session\Handlers\FileHandler' driver.
INFO - 2023-02-01 12:50:30 --> Session: Class initialized using 'CodeIgniter\Session\Handlers\FileHandler' driver.
INFO - 2023-02-01 12:50:41 --> Session: Class initialized using 'CodeIgniter\Session\Handlers\FileHandler' driver.
INFO - 2023-02-01 12:51:06 --> Session: Class initialized using 'CodeIgniter\Session\Handlers\FileHandler' driver.
INFO - 2023-02-01 12:51:13 --> Session: Class initialized using 'CodeIgniter\Session\Handlers\FileHandler' driver.
CRITICAL - 2023-02-01 13:21:18 --> Class "App\Models\Brgy" not found
in APPPATH\Controllers\BaseController.php on line 63.
 1 SYSTEMPATH\CodeIgniter.php(907): App\Controllers\BaseController->initController(Object(CodeIgniter\HTTP\IncomingRequest), Object(CodeIgniter\HTTP\Response), Object(CodeIgniter\Log\Logger))
 2 SYSTEMPATH\CodeIgniter.php(490): CodeIgniter\CodeIgniter->createController()
 3 SYSTEMPATH\CodeIgniter.php(368): CodeIgniter\CodeIgniter->handleRequest(null, Object(Config\Cache), false)
 4 FCPATH\index.php(67): CodeIgniter\CodeIgniter->run()
 5 SYSTEMPATH\Commands\Server\rewrite.php(47): require_once('FCPATH\\index.php')
CRITICAL - 2023-02-01 13:21:20 --> Class "App\Models\Brgy" not found
in APPPATH\Controllers\BaseController.php on line 63.
 1 SYSTEMPATH\CodeIgniter.php(907): App\Controllers\BaseController->initController(Object(CodeIgniter\HTTP\IncomingRequest), Object(CodeIgniter\HTTP\Response), Object(CodeIgniter\Log\Logger))
 2 SYSTEMPATH\CodeIgniter.php(490): CodeIgniter\CodeIgniter->createController()
 3 SYSTEMPATH\CodeIgniter.php(368): CodeIgniter\CodeIgniter->handleRequest(null, Object(Config\Cache), false)
 4 FCPATH\index.php(67): CodeIgniter\CodeIgniter->run()
 5 SYSTEMPATH\Commands\Server\rewrite.php(47): require_once('FCPATH\\index.php')
CRITICAL - 2023-02-01 13:21:28 --> Class "App\Models\Brgy" not found
in APPPATH\Controllers\BaseController.php on line 63.
 1 SYSTEMPATH\CodeIgniter.php(907): App\Controllers\BaseController->initController(Object(CodeIgniter\HTTP\IncomingRequest), Object(CodeIgniter\HTTP\Response), Object(CodeIgniter\Log\Logger))
 2 SYSTEMPATH\CodeIgniter.php(490): CodeIgniter\CodeIgniter->createController()
 3 SYSTEMPATH\CodeIgniter.php(368): CodeIgniter\CodeIgniter->handleRequest(null, Object(Config\Cache), false)
 4 FCPATH\index.php(67): CodeIgniter\CodeIgniter->run()
 5 SYSTEMPATH\Commands\Server\rewrite.php(47): require_once('FCPATH\\index.php')
CRITICAL - 2023-02-01 13:21:37 --> Class "App\Models\Brgy" not found
in APPPATH\Controllers\BaseController.php on line 63.
 1 SYSTEMPATH\CodeIgniter.php(907): App\Controllers\BaseController->initController(Object(CodeIgniter\HTTP\IncomingRequest), Object(CodeIgniter\HTTP\Response), Object(CodeIgniter\Log\Logger))
 2 SYSTEMPATH\CodeIgniter.php(490): CodeIgniter\CodeIgniter->createController()
 3 SYSTEMPATH\CodeIgniter.php(368): CodeIgniter\CodeIgniter->handleRequest(null, Object(Config\Cache), false)
 4 FCPATH\index.php(67): CodeIgniter\CodeIgniter->run()
 5 SYSTEMPATH\Commands\Server\rewrite.php(47): require_once('FCPATH\\index.php')
CRITICAL - 2023-02-01 13:21:38 --> Class "App\Models\Brgy" not found
in APPPATH\Controllers\BaseController.php on line 63.
 1 SYSTEMPATH\CodeIgniter.php(907): App\Controllers\BaseController->initController(Object(CodeIgniter\HTTP\IncomingRequest), Object(CodeIgniter\HTTP\Response), Object(CodeIgniter\Log\Logger))
 2 SYSTEMPATH\CodeIgniter.php(490): CodeIgniter\CodeIgniter->createController()
 3 SYSTEMPATH\CodeIgniter.php(368): CodeIgniter\CodeIgniter->handleRequest(null, Object(Config\Cache), false)
 4 FCPATH\index.php(67): CodeIgniter\CodeIgniter->run()
 5 SYSTEMPATH\Commands\Server\rewrite.php(47): require_once('FCPATH\\index.php')
CRITICAL - 2023-02-01 13:21:39 --> Class "App\Models\Brgy" not found
in APPPATH\Controllers\BaseController.php on line 63.
 1 SYSTEMPATH\CodeIgniter.php(907): App\Controllers\BaseController->initController(Object(CodeIgniter\HTTP\IncomingRequest), Object(CodeIgniter\HTTP\Response), Object(CodeIgniter\Log\Logger))
 2 SYSTEMPATH\CodeIgniter.php(490): CodeIgniter\CodeIgniter->createController()
 3 SYSTEMPATH\CodeIgniter.php(368): CodeIgniter\CodeIgniter->handleRequest(null, Object(Config\Cache), false)
 4 FCPATH\index.php(67): CodeIgniter\CodeIgniter->run()
 5 SYSTEMPATH\Commands\Server\rewrite.php(47): require_once('FCPATH\\index.php')
CRITICAL - 2023-02-01 13:21:43 --> Class "App\Models\Brgy" not found
in APPPATH\Controllers\BaseController.php on line 63.
 1 SYSTEMPATH\CodeIgniter.php(907): App\Controllers\BaseController->initController(Object(CodeIgniter\HTTP\IncomingRequest), Object(CodeIgniter\HTTP\Response), Object(CodeIgniter\Log\Logger))
 2 SYSTEMPATH\CodeIgniter.php(490): CodeIgniter\CodeIgniter->createController()
 3 SYSTEMPATH\CodeIgniter.php(368): CodeIgniter\CodeIgniter->handleRequest(null, Object(Config\Cache), false)
 4 FCPATH\index.php(67): CodeIgniter\CodeIgniter->run()
 5 SYSTEMPATH\Commands\Server\rewrite.php(47): require_once('FCPATH\\index.php')
CRITICAL - 2023-02-01 13:23:08 --> Class "App\Models\Brgy" not found
in APPPATH\Controllers\BaseController.php on line 63.
 1 SYSTEMPATH\CodeIgniter.php(907): App\Controllers\BaseController->initController(Object(CodeIgniter\HTTP\IncomingRequest), Object(CodeIgniter\HTTP\Response), Object(CodeIgniter\Log\Logger))
 2 SYSTEMPATH\CodeIgniter.php(490): CodeIgniter\CodeIgniter->createController()
 3 SYSTEMPATH\CodeIgniter.php(368): CodeIgniter\CodeIgniter->handleRequest(null, Object(Config\Cache), false)
 4 FCPATH\index.php(67): CodeIgniter\CodeIgniter->run()
 5 SYSTEMPATH\Commands\Server\rewrite.php(47): require_once('FCPATH\\index.php')
CRITICAL - 2023-02-01 13:27:45 --> Class "App\Models\Brgy" not found
in APPPATH\Controllers\BaseController.php on line 63.
 1 SYSTEMPATH\CodeIgniter.php(907): App\Controllers\BaseController->initController(Object(CodeIgniter\HTTP\IncomingRequest), Object(CodeIgniter\HTTP\Response), Object(CodeIgniter\Log\Logger))
 2 SYSTEMPATH\CodeIgniter.php(490): CodeIgniter\CodeIgniter->createController()
 3 SYSTEMPATH\CodeIgniter.php(368): CodeIgniter\CodeIgniter->handleRequest(null, Object(Config\Cache), false)
 4 FCPATH\index.php(67): CodeIgniter\CodeIgniter->run()
 5 SYSTEMPATH\Commands\Server\rewrite.php(47): require_once('FCPATH\\index.php')
CRITICAL - 2023-02-01 13:27:46 --> Class "App\Models\Brgy" not found
in APPPATH\Controllers\BaseController.php on line 63.
 1 SYSTEMPATH\CodeIgniter.php(907): App\Controllers\BaseController->initController(Object(CodeIgniter\HTTP\IncomingRequest), Object(CodeIgniter\HTTP\Response), Object(CodeIgniter\Log\Logger))
 2 SYSTEMPATH\CodeIgniter.php(490): CodeIgniter\CodeIgniter->createController()
 3 SYSTEMPATH\CodeIgniter.php(368): CodeIgniter\CodeIgniter->handleRequest(null, Object(Config\Cache), false)
 4 FCPATH\index.php(67): CodeIgniter\CodeIgniter->run()
 5 SYSTEMPATH\Commands\Server\rewrite.php(47): require_once('FCPATH\\index.php')
CRITICAL - 2023-02-01 13:27:47 --> Class "App\Models\Brgy" not found
in APPPATH\Controllers\BaseController.php on line 63.
 1 SYSTEMPATH\CodeIgniter.php(907): App\Controllers\BaseController->initController(Object(CodeIgniter\HTTP\IncomingRequest), Object(CodeIgniter\HTTP\Response), Object(CodeIgniter\Log\Logger))
 2 SYSTEMPATH\CodeIgniter.php(490): CodeIgniter\CodeIgniter->createController()
 3 SYSTEMPATH\CodeIgniter.php(368): CodeIgniter\CodeIgniter->handleRequest(null, Object(Config\Cache), false)
 4 FCPATH\index.php(67): CodeIgniter\CodeIgniter->run()
 5 SYSTEMPATH\Commands\Server\rewrite.php(47): require_once('FCPATH\\index.php')
CRITICAL - 2023-02-01 13:28:51 --> Class "App\Models\Brgy" not found
in APPPATH\Controllers\BaseController.php on line 63.
 1 SYSTEMPATH\CodeIgniter.php(907): App\Controllers\BaseController->initController(Object(CodeIgniter\HTTP\IncomingRequest), Object(CodeIgniter\HTTP\Response), Object(CodeIgniter\Log\Logger))
 2 SYSTEMPATH\CodeIgniter.php(490): CodeIgniter\CodeIgniter->createController()
 3 SYSTEMPATH\CodeIgniter.php(368): CodeIgniter\CodeIgniter->handleRequest(null, Object(Config\Cache), false)
 4 FCPATH\index.php(67): CodeIgniter\CodeIgniter->run()
 5 SYSTEMPATH\Commands\Server\rewrite.php(47): require_once('FCPATH\\index.php')
CRITICAL - 2023-02-01 13:32:15 --> Class "App\Models\Brgy" not found
in APPPATH\Controllers\BaseController.php on line 63.
 1 SYSTEMPATH\CodeIgniter.php(907): App\Controllers\BaseController->initController(Object(CodeIgniter\HTTP\IncomingRequest), Object(CodeIgniter\HTTP\Response), Object(CodeIgniter\Log\Logger))
 2 SYSTEMPATH\CodeIgniter.php(490): CodeIgniter\CodeIgniter->createController()
 3 SYSTEMPATH\CodeIgniter.php(368): CodeIgniter\CodeIgniter->handleRequest(null, Object(Config\Cache), false)
 4 FCPATH\index.php(67): CodeIgniter\CodeIgniter->run()
 5 SYSTEMPATH\Commands\Server\rewrite.php(47): require_once('FCPATH\\index.php')
CRITICAL - 2023-02-01 13:32:16 --> Class "App\Models\Brgy" not found
in APPPATH\Controllers\BaseController.php on line 63.
 1 SYSTEMPATH\CodeIgniter.php(907): App\Controllers\BaseController->initController(Object(CodeIgniter\HTTP\IncomingRequest), Object(CodeIgniter\HTTP\Response), Object(CodeIgniter\Log\Logger))
 2 SYSTEMPATH\CodeIgniter.php(490): CodeIgniter\CodeIgniter->createController()
 3 SYSTEMPATH\CodeIgniter.php(368): CodeIgniter\CodeIgniter->handleRequest(null, Object(Config\Cache), false)
 4 FCPATH\index.php(67): CodeIgniter\CodeIgniter->run()
 5 SYSTEMPATH\Commands\Server\rewrite.php(47): require_once('FCPATH\\index.php')
CRITICAL - 2023-02-01 13:32:16 --> Class "App\Models\Brgy" not found
in APPPATH\Controllers\BaseController.php on line 63.
 1 SYSTEMPATH\CodeIgniter.php(907): App\Controllers\BaseController->initController(Object(CodeIgniter\HTTP\IncomingRequest), Object(CodeIgniter\HTTP\Response), Object(CodeIgniter\Log\Logger))
 2 SYSTEMPATH\CodeIgniter.php(490): CodeIgniter\CodeIgniter->createController()
 3 SYSTEMPATH\CodeIgniter.php(368): CodeIgniter\CodeIgniter->handleRequest(null, Object(Config\Cache), false)
 4 FCPATH\index.php(67): CodeIgniter\CodeIgniter->run()
 5 SYSTEMPATH\Commands\Server\rewrite.php(47): require_once('FCPATH\\index.php')
CRITICAL - 2023-02-01 13:32:48 --> Class "App\Models\Brgy" not found
in APPPATH\Controllers\BaseController.php on line 63.
 1 SYSTEMPATH\CodeIgniter.php(907): App\Controllers\BaseController->initController(Object(CodeIgniter\HTTP\IncomingRequest), Object(CodeIgniter\HTTP\Response), Object(CodeIgniter\Log\Logger))
 2 SYSTEMPATH\CodeIgniter.php(490): CodeIgniter\CodeIgniter->createController()
 3 SYSTEMPATH\CodeIgniter.php(368): CodeIgniter\CodeIgniter->handleRequest(null, Object(Config\Cache), false)
 4 FCPATH\index.php(67): CodeIgniter\CodeIgniter->run()
 5 SYSTEMPATH\Commands\Server\rewrite.php(47): require_once('FCPATH\\index.php')
CRITICAL - 2023-02-01 13:32:49 --> Class "App\Models\Brgy" not found
in APPPATH\Controllers\BaseController.php on line 63.
 1 SYSTEMPATH\CodeIgniter.php(907): App\Controllers\BaseController->initController(Object(CodeIgniter\HTTP\IncomingRequest), Object(CodeIgniter\HTTP\Response), Object(CodeIgniter\Log\Logger))
 2 SYSTEMPATH\CodeIgniter.php(490): CodeIgniter\CodeIgniter->createController()
 3 SYSTEMPATH\CodeIgniter.php(368): CodeIgniter\CodeIgniter->handleRequest(null, Object(Config\Cache), false)
 4 FCPATH\index.php(67): CodeIgniter\CodeIgniter->run()
 5 SYSTEMPATH\Commands\Server\rewrite.php(47): require_once('FCPATH\\index.php')
CRITICAL - 2023-02-01 13:32:50 --> Class "App\Models\Brgy" not found
in APPPATH\Controllers\BaseController.php on line 63.
 1 SYSTEMPATH\CodeIgniter.php(907): App\Controllers\BaseController->initController(Object(CodeIgniter\HTTP\IncomingRequest), Object(CodeIgniter\HTTP\Response), Object(CodeIgniter\Log\Logger))
 2 SYSTEMPATH\CodeIgniter.php(490): CodeIgniter\CodeIgniter->createController()
 3 SYSTEMPATH\CodeIgniter.php(368): CodeIgniter\CodeIgniter->handleRequest(null, Object(Config\Cache), false)
 4 FCPATH\index.php(67): CodeIgniter\CodeIgniter->run()
 5 SYSTEMPATH\Commands\Server\rewrite.php(47): require_once('FCPATH\\index.php')
CRITICAL - 2023-02-01 13:32:51 --> Class "App\Models\Brgy" not found
in APPPATH\Controllers\BaseController.php on line 63.
 1 SYSTEMPATH\CodeIgniter.php(907): App\Controllers\BaseController->initController(Object(CodeIgniter\HTTP\IncomingRequest), Object(CodeIgniter\HTTP\Response), Object(CodeIgniter\Log\Logger))
 2 SYSTEMPATH\CodeIgniter.php(490): CodeIgniter\CodeIgniter->createController()
 3 SYSTEMPATH\CodeIgniter.php(368): CodeIgniter\CodeIgniter->handleRequest(null, Object(Config\Cache), false)
 4 FCPATH\index.php(67): CodeIgniter\CodeIgniter->run()
 5 SYSTEMPATH\Commands\Server\rewrite.php(47): require_once('FCPATH\\index.php')
CRITICAL - 2023-02-01 13:36:31 --> Class "App\Models\Brgy" not found
in APPPATH\Controllers\BaseController.php on line 63.
 1 SYSTEMPATH\CodeIgniter.php(907): App\Controllers\BaseController->initController(Object(CodeIgniter\HTTP\IncomingRequest), Object(CodeIgniter\HTTP\Response), Object(CodeIgniter\Log\Logger))
 2 SYSTEMPATH\CodeIgniter.php(490): CodeIgniter\CodeIgniter->createController()
 3 SYSTEMPATH\CodeIgniter.php(368): CodeIgniter\CodeIgniter->handleRequest(null, Object(Config\Cache), false)
 4 FCPATH\index.php(67): CodeIgniter\CodeIgniter->run()
 5 SYSTEMPATH\Commands\Server\rewrite.php(47): require_once('FCPATH\\index.php')
CRITICAL - 2023-02-01 13:36:33 --> Class "App\Models\Brgy" not found
in APPPATH\Controllers\BaseController.php on line 63.
 1 SYSTEMPATH\CodeIgniter.php(907): App\Controllers\BaseController->initController(Object(CodeIgniter\HTTP\IncomingRequest), Object(CodeIgniter\HTTP\Response), Object(CodeIgniter\Log\Logger))
 2 SYSTEMPATH\CodeIgniter.php(490): CodeIgniter\CodeIgniter->createController()
 3 SYSTEMPATH\CodeIgniter.php(368): CodeIgniter\CodeIgniter->handleRequest(null, Object(Config\Cache), false)
 4 FCPATH\index.php(67): CodeIgniter\CodeIgniter->run()
 5 SYSTEMPATH\Commands\Server\rewrite.php(47): require_once('FCPATH\\index.php')
CRITICAL - 2023-02-01 13:36:34 --> Class "App\Models\Brgy" not found
in APPPATH\Controllers\BaseController.php on line 63.
 1 SYSTEMPATH\CodeIgniter.php(907): App\Controllers\BaseController->initController(Object(CodeIgniter\HTTP\IncomingRequest), Object(CodeIgniter\HTTP\Response), Object(CodeIgniter\Log\Logger))
 2 SYSTEMPATH\CodeIgniter.php(490): CodeIgniter\CodeIgniter->createController()
 3 SYSTEMPATH\CodeIgniter.php(368): CodeIgniter\CodeIgniter->handleRequest(null, Object(Config\Cache), false)
 4 FCPATH\index.php(67): CodeIgniter\CodeIgniter->run()
 5 SYSTEMPATH\Commands\Server\rewrite.php(47): require_once('FCPATH\\index.php')
CRITICAL - 2023-02-01 13:36:35 --> Class "App\Models\Brgy" not found
in APPPATH\Controllers\BaseController.php on line 63.
 1 SYSTEMPATH\CodeIgniter.php(907): App\Controllers\BaseController->initController(Object(CodeIgniter\HTTP\IncomingRequest), Object(CodeIgniter\HTTP\Response), Object(CodeIgniter\Log\Logger))
 2 SYSTEMPATH\CodeIgniter.php(490): CodeIgniter\CodeIgniter->createController()
 3 SYSTEMPATH\CodeIgniter.php(368): CodeIgniter\CodeIgniter->handleRequest(null, Object(Config\Cache), false)
 4 FCPATH\index.php(67): CodeIgniter\CodeIgniter->run()
 5 SYSTEMPATH\Commands\Server\rewrite.php(47): require_once('FCPATH\\index.php')
CRITICAL - 2023-02-01 13:36:35 --> Class "App\Models\Brgy" not found
in APPPATH\Controllers\BaseController.php on line 63.
 1 SYSTEMPATH\CodeIgniter.php(907): App\Controllers\BaseController->initController(Object(CodeIgniter\HTTP\IncomingRequest), Object(CodeIgniter\HTTP\Response), Object(CodeIgniter\Log\Logger))
 2 SYSTEMPATH\CodeIgniter.php(490): CodeIgniter\CodeIgniter->createController()
 3 SYSTEMPATH\CodeIgniter.php(368): CodeIgniter\CodeIgniter->handleRequest(null, Object(Config\Cache), false)
 4 FCPATH\index.php(67): CodeIgniter\CodeIgniter->run()
 5 SYSTEMPATH\Commands\Server\rewrite.php(47): require_once('FCPATH\\index.php')
INFO - 2023-02-01 13:46:26 --> Session: Class initialized using 'CodeIgniter\Session\Handlers\FileHandler' driver.
ERROR - 2023-02-01 13:46:33 --> mysqli_sql_exception: You have an error in your SQL syntax; check the manual that corresponds to your MariaDB server version for the right syntax to use near 'from brgy' at line 2 in C:\Users\Shin\Desktop\DRR-Project\govt-web-system\system\Database\MySQLi\Connection.php:295
Stack trace:
#0 C:\Users\Shin\Desktop\DRR-Project\govt-web-system\system\Database\MySQLi\Connection.php(295): mysqli->query('SELECT o.ID as ...', 0)
#1 C:\Users\Shin\Desktop\DRR-Project\govt-web-system\system\Database\BaseConnection.php(691): CodeIgniter\Database\MySQLi\Connection->execute('SELECT o.ID as ...')
#2 C:\Users\Shin\Desktop\DRR-Project\govt-web-system\system\Database\BaseConnection.php(605): CodeIgniter\Database\BaseConnection->simpleQuery('SELECT o.ID as ...')
#3 C:\Users\Shin\Desktop\DRR-Project\govt-web-system\system\Model.php(835): CodeIgniter\Database\BaseConnection->query('SELECT o.ID as ...')
#4 C:\Users\Shin\Desktop\DRR-Project\govt-web-system\app\Controllers\Home.php(128): CodeIgniter\Model->__call('query', Array)
#5 C:\Users\Shin\Desktop\DRR-Project\govt-web-system\system\CodeIgniter.php(934): App\Controllers\Home->brgy()
#6 C:\Users\Shin\Desktop\DRR-Project\govt-web-system\system\CodeIgniter.php(499): CodeIgniter\CodeIgniter->runController(Object(App\Controllers\Home))
#7 C:\Users\Shin\Desktop\DRR-Project\govt-web-system\system\CodeIgniter.php(368): CodeIgniter\CodeIgniter->handleRequest(NULL, Object(Config\Cache), false)
#8 C:\Users\Shin\Desktop\DRR-Project\govt-web-system\public\index.php(67): CodeIgniter\CodeIgniter->run()
#9 C:\Users\Shin\Desktop\DRR-Project\govt-web-system\system\Commands\Server\rewrite.php(47): require_once('C:\\Users\\Shin\\D...')
#10 {main}
CRITICAL - 2023-02-01 13:46:33 --> You have an error in your SQL syntax; check the manual that corresponds to your MariaDB server version for the right syntax to use near 'from brgy' at line 2
in SYSTEMPATH\Database\BaseConnection.php on line 645.
 1 SYSTEMPATH\Model.php(835): CodeIgniter\Database\BaseConnection->query('SELECT o.ID as ID, o.NAME as \'NAME\', o.CONTACT_NUMBER as \'CONTACT_NUMBER\',
                             o.EMAIL_ADD as EMAIL_ADD, from brgy')
 2 APPPATH\Controllers\Home.php(128): CodeIgniter\Model->__call('query', [...])
 3 SYSTEMPATH\CodeIgniter.php(934): App\Controllers\Home->brgy()
 4 SYSTEMPATH\CodeIgniter.php(499): CodeIgniter\CodeIgniter->runController(Object(App\Controllers\Home))
 5 SYSTEMPATH\CodeIgniter.php(368): CodeIgniter\CodeIgniter->handleRequest(null, Object(Config\Cache), false)
 6 FCPATH\index.php(67): CodeIgniter\CodeIgniter->run()
 7 SYSTEMPATH\Commands\Server\rewrite.php(47): require_once('FCPATH\\index.php')
ERROR - 2023-02-01 13:47:37 --> mysqli_sql_exception: Unknown column 'o.ID' in 'field list' in C:\Users\Shin\Desktop\DRR-Project\govt-web-system\system\Database\MySQLi\Connection.php:295
Stack trace:
#0 C:\Users\Shin\Desktop\DRR-Project\govt-web-system\system\Database\MySQLi\Connection.php(295): mysqli->query('SELECT o.ID as ...', 0)
#1 C:\Users\Shin\Desktop\DRR-Project\govt-web-system\system\Database\BaseConnection.php(691): CodeIgniter\Database\MySQLi\Connection->execute('SELECT o.ID as ...')
#2 C:\Users\Shin\Desktop\DRR-Project\govt-web-system\system\Database\BaseConnection.php(605): CodeIgniter\Database\BaseConnection->simpleQuery('SELECT o.ID as ...')
#3 C:\Users\Shin\Desktop\DRR-Project\govt-web-system\system\Model.php(835): CodeIgniter\Database\BaseConnection->query('SELECT o.ID as ...')
#4 C:\Users\Shin\Desktop\DRR-Project\govt-web-system\app\Controllers\Home.php(128): CodeIgniter\Model->__call('query', Array)
#5 C:\Users\Shin\Desktop\DRR-Project\govt-web-system\system\CodeIgniter.php(934): App\Controllers\Home->brgy()
#6 C:\Users\Shin\Desktop\DRR-Project\govt-web-system\system\CodeIgniter.php(499): CodeIgniter\CodeIgniter->runController(Object(App\Controllers\Home))
#7 C:\Users\Shin\Desktop\DRR-Project\govt-web-system\system\CodeIgniter.php(368): CodeIgniter\CodeIgniter->handleRequest(NULL, Object(Config\Cache), false)
#8 C:\Users\Shin\Desktop\DRR-Project\govt-web-system\public\index.php(67): CodeIgniter\CodeIgniter->run()
#9 C:\Users\Shin\Desktop\DRR-Project\govt-web-system\system\Commands\Server\rewrite.php(47): require_once('C:\\Users\\Shin\\D...')
#10 {main}
CRITICAL - 2023-02-01 13:47:37 --> Unknown column 'o.ID' in 'field list'
in SYSTEMPATH\Database\BaseConnection.php on line 645.
 1 SYSTEMPATH\Model.php(835): CodeIgniter\Database\BaseConnection->query('SELECT o.ID as ID, o.NAME as \'NAME\', o.CONTACT_NUMBER as \'CONTACT_NUMBER\',
                             o.EMAIL_ADD as EMAIL_ADD from brgy')
 2 APPPATH\Controllers\Home.php(128): CodeIgniter\Model->__call('query', [...])
 3 SYSTEMPATH\CodeIgniter.php(934): App\Controllers\Home->brgy()
 4 SYSTEMPATH\CodeIgniter.php(499): CodeIgniter\CodeIgniter->runController(Object(App\Controllers\Home))
 5 SYSTEMPATH\CodeIgniter.php(368): CodeIgniter\CodeIgniter->handleRequest(null, Object(Config\Cache), false)
 6 FCPATH\index.php(67): CodeIgniter\CodeIgniter->run()
 7 SYSTEMPATH\Commands\Server\rewrite.php(47): require_once('FCPATH\\index.php')
INFO - 2023-02-01 13:48:44 --> Session: Class initialized using 'CodeIgniter\Session\Handlers\FileHandler' driver.
INFO - 2023-02-01 13:50:27 --> Session: Class initialized using 'CodeIgniter\Session\Handlers\FileHandler' driver.
INFO - 2023-02-01 13:50:29 --> Session: Class initialized using 'CodeIgniter\Session\Handlers\FileHandler' driver.
ERROR - 2023-02-01 13:50:52 --> mysqli_sql_exception: Column 'BRGY' cannot be null in C:\Users\Shin\Desktop\DRR-Project\govt-web-system\system\Database\MySQLi\Connection.php:295
Stack trace:
#0 C:\Users\Shin\Desktop\DRR-Project\govt-web-system\system\Database\MySQLi\Connection.php(295): mysqli->query('INSERT INTO `br...', 0)
#1 C:\Users\Shin\Desktop\DRR-Project\govt-web-system\system\Database\BaseConnection.php(691): CodeIgniter\Database\MySQLi\Connection->execute('INSERT INTO `br...')
#2 C:\Users\Shin\Desktop\DRR-Project\govt-web-system\system\Database\BaseConnection.php(605): CodeIgniter\Database\BaseConnection->simpleQuery('INSERT INTO `br...')
#3 C:\Users\Shin\Desktop\DRR-Project\govt-web-system\system\Database\BaseBuilder.php(2295): CodeIgniter\Database\BaseConnection->query('INSERT INTO `br...', Array, false)
#4 C:\Users\Shin\Desktop\DRR-Project\govt-web-system\system\Model.php(329): CodeIgniter\Database\BaseBuilder->insert()
#5 C:\Users\Shin\Desktop\DRR-Project\govt-web-system\system\BaseModel.php(782): CodeIgniter\Model->doInsert(Array)
#6 C:\Users\Shin\Desktop\DRR-Project\govt-web-system\system\Model.php(729): CodeIgniter\BaseModel->insert(Array, false)
#7 C:\Users\Shin\Desktop\DRR-Project\govt-web-system\system\BaseModel.php(692): CodeIgniter\Model->insert(Array, false)
#8 C:\Users\Shin\Desktop\DRR-Project\govt-web-system\app\Controllers\Home.php(153): CodeIgniter\BaseModel->save(Array)
#9 C:\Users\Shin\Desktop\DRR-Project\govt-web-system\system\CodeIgniter.php(934): App\Controllers\Home->add_brgy()
#10 C:\Users\Shin\Desktop\DRR-Project\govt-web-system\system\CodeIgniter.php(499): CodeIgniter\CodeIgniter->runController(Object(App\Controllers\Home))
#11 C:\Users\Shin\Desktop\DRR-Project\govt-web-system\system\CodeIgniter.php(368): CodeIgniter\CodeIgniter->handleRequest(NULL, Object(Config\Cache), false)
#12 C:\Users\Shin\Desktop\DRR-Project\govt-web-system\public\index.php(67): CodeIgniter\CodeIgniter->run()
#13 C:\Users\Shin\Desktop\DRR-Project\govt-web-system\system\Commands\Server\rewrite.php(47): require_once('C:\\Users\\Shin\\D...')
#14 {main}
CRITICAL - 2023-02-01 13:50:52 --> Column 'BRGY' cannot be null
in SYSTEMPATH\Database\BaseConnection.php on line 645.
 1 SYSTEMPATH\Database\BaseBuilder.php(2295): CodeIgniter\Database\BaseConnection->query('INSERT INTO `brgy` (`BRGY`, `NAME`, `CONTACT_NUMBER`) VALUES (:BRGY:, :NAME:, :CONTACT_NUMBER:)', [...], false)
 2 SYSTEMPATH\Model.php(329): CodeIgniter\Database\BaseBuilder->insert()
 3 SYSTEMPATH\BaseModel.php(782): CodeIgniter\Model->doInsert([...])
 4 SYSTEMPATH\Model.php(729): CodeIgniter\BaseModel->insert([...], false)
 5 SYSTEMPATH\BaseModel.php(692): CodeIgniter\Model->insert([...], false)
 6 APPPATH\Controllers\Home.php(153): CodeIgniter\BaseModel->save([...])
 7 SYSTEMPATH\CodeIgniter.php(934): App\Controllers\Home->add_brgy()
 8 SYSTEMPATH\CodeIgniter.php(499): CodeIgniter\CodeIgniter->runController(Object(App\Controllers\Home))
 9 SYSTEMPATH\CodeIgniter.php(368): CodeIgniter\CodeIgniter->handleRequest(null, Object(Config\Cache), false)
10 FCPATH\index.php(67): CodeIgniter\CodeIgniter->run()
11 SYSTEMPATH\Commands\Server\rewrite.php(47): require_once('FCPATH\\index.php')
INFO - 2023-02-01 13:54:29 --> Session: Class initialized using 'CodeIgniter\Session\Handlers\FileHandler' driver.
INFO - 2023-02-01 13:54:30 --> Session: Class initialized using 'CodeIgniter\Session\Handlers\FileHandler' driver.
INFO - 2023-02-01 13:54:47 --> Session: Class initialized using 'CodeIgniter\Session\Handlers\FileHandler' driver.
INFO - 2023-02-01 13:54:48 --> Session: Class initialized using 'CodeIgniter\Session\Handlers\FileHandler' driver.
CRITICAL - 2023-02-01 13:54:48 --> Undefined property: stdClass::$BRGY
in APPPATH\Views\home\BrgyOfficials.php on line 226.
 1 APPPATH\Views\home\BrgyOfficials.php(226): CodeIgniter\Debug\Exceptions->errorHandler(2, 'Undefined property: stdClass::$BRGY', 'APPPATH\\Views\\home\\BrgyOfficials.php', 226)
 2 SYSTEMPATH\View\View.php(213): include('APPPATH\\Views\\home\\BrgyOfficials.php')
 3 SYSTEMPATH\View\View.php(216): CodeIgniter\View\View->CodeIgniter\View\{closure}()
 4 SYSTEMPATH\Common.php(1177): CodeIgniter\View\View->render('home/BrgyOfficials.php', [], true)
 5 APPPATH\Controllers\Home.php(136): view('home/BrgyOfficials.php', [...])
 6 SYSTEMPATH\CodeIgniter.php(934): App\Controllers\Home->brgy()
 7 SYSTEMPATH\CodeIgniter.php(499): CodeIgniter\CodeIgniter->runController(Object(App\Controllers\Home))
 8 SYSTEMPATH\CodeIgniter.php(368): CodeIgniter\CodeIgniter->handleRequest(null, Object(Config\Cache), false)
 9 FCPATH\index.php(67): CodeIgniter\CodeIgniter->run()
10 SYSTEMPATH\Commands\Server\rewrite.php(47): require_once('FCPATH\\index.php')
INFO - 2023-02-01 13:56:25 --> Session: Class initialized using 'CodeIgniter\Session\Handlers\FileHandler' driver.
CRITICAL - 2023-02-01 13:56:25 --> Undefined property: stdClass::$BRGY
in APPPATH\Views\home\BrgyOfficials.php on line 226.
 1 APPPATH\Views\home\BrgyOfficials.php(226): CodeIgniter\Debug\Exceptions->errorHandler(2, 'Undefined property: stdClass::$BRGY', 'APPPATH\\Views\\home\\BrgyOfficials.php', 226)
 2 SYSTEMPATH\View\View.php(213): include('APPPATH\\Views\\home\\BrgyOfficials.php')
 3 SYSTEMPATH\View\View.php(216): CodeIgniter\View\View->CodeIgniter\View\{closure}()
 4 SYSTEMPATH\Common.php(1177): CodeIgniter\View\View->render('home/BrgyOfficials.php', [], true)
 5 APPPATH\Controllers\Home.php(136): view('home/BrgyOfficials.php', [...])
 6 SYSTEMPATH\CodeIgniter.php(934): App\Controllers\Home->brgy()
 7 SYSTEMPATH\CodeIgniter.php(499): CodeIgniter\CodeIgniter->runController(Object(App\Controllers\Home))
 8 SYSTEMPATH\CodeIgniter.php(368): CodeIgniter\CodeIgniter->handleRequest(null, Object(Config\Cache), false)
 9 FCPATH\index.php(67): CodeIgniter\CodeIgniter->run()
10 SYSTEMPATH\Commands\Server\rewrite.php(47): require_once('FCPATH\\index.php')
INFO - 2023-02-01 13:56:28 --> Session: Class initialized using 'CodeIgniter\Session\Handlers\FileHandler' driver.
INFO - 2023-02-01 13:56:40 --> Session: Class initialized using 'CodeIgniter\Session\Handlers\FileHandler' driver.
CRITICAL - 2023-02-01 13:56:40 --> Undefined property: stdClass::$BRGY
in APPPATH\Views\home\BrgyOfficials.php on line 226.
 1 APPPATH\Views\home\BrgyOfficials.php(226): CodeIgniter\Debug\Exceptions->errorHandler(2, 'Undefined property: stdClass::$BRGY', 'APPPATH\\Views\\home\\BrgyOfficials.php', 226)
 2 SYSTEMPATH\View\View.php(213): include('APPPATH\\Views\\home\\BrgyOfficials.php')
 3 SYSTEMPATH\View\View.php(216): CodeIgniter\View\View->CodeIgniter\View\{closure}()
 4 SYSTEMPATH\Common.php(1177): CodeIgniter\View\View->render('home/BrgyOfficials.php', [], true)
 5 APPPATH\Controllers\Home.php(136): view('home/BrgyOfficials.php', [...])
 6 SYSTEMPATH\CodeIgniter.php(934): App\Controllers\Home->brgy()
 7 SYSTEMPATH\CodeIgniter.php(499): CodeIgniter\CodeIgniter->runController(Object(App\Controllers\Home))
 8 SYSTEMPATH\CodeIgniter.php(368): CodeIgniter\CodeIgniter->handleRequest(null, Object(Config\Cache), false)
 9 FCPATH\index.php(67): CodeIgniter\CodeIgniter->run()
10 SYSTEMPATH\Commands\Server\rewrite.php(47): require_once('FCPATH\\index.php')
INFO - 2023-02-01 13:57:29 --> Session: Class initialized using 'CodeIgniter\Session\Handlers\FileHandler' driver.
INFO - 2023-02-01 13:57:31 --> Session: Class initialized using 'CodeIgniter\Session\Handlers\FileHandler' driver.
INFO - 2023-02-01 13:57:34 --> Session: Class initialized using 'CodeIgniter\Session\Handlers\FileHandler' driver.
CRITICAL - 2023-02-01 13:57:34 --> Undefined property: stdClass::$BRGY
in APPPATH\Views\home\BrgyOfficials.php on line 226.
 1 APPPATH\Views\home\BrgyOfficials.php(226): CodeIgniter\Debug\Exceptions->errorHandler(2, 'Undefined property: stdClass::$BRGY', 'APPPATH\\Views\\home\\BrgyOfficials.php', 226)
 2 SYSTEMPATH\View\View.php(213): include('APPPATH\\Views\\home\\BrgyOfficials.php')
 3 SYSTEMPATH\View\View.php(216): CodeIgniter\View\View->CodeIgniter\View\{closure}()
 4 SYSTEMPATH\Common.php(1177): CodeIgniter\View\View->render('home/BrgyOfficials.php', [], true)
 5 APPPATH\Controllers\Home.php(136): view('home/BrgyOfficials.php', [...])
 6 SYSTEMPATH\CodeIgniter.php(934): App\Controllers\Home->brgy()
 7 SYSTEMPATH\CodeIgniter.php(499): CodeIgniter\CodeIgniter->runController(Object(App\Controllers\Home))
 8 SYSTEMPATH\CodeIgniter.php(368): CodeIgniter\CodeIgniter->handleRequest(null, Object(Config\Cache), false)
 9 FCPATH\index.php(67): CodeIgniter\CodeIgniter->run()
10 SYSTEMPATH\Commands\Server\rewrite.php(47): require_once('FCPATH\\index.php')
INFO - 2023-02-01 13:59:14 --> Session: Class initialized using 'CodeIgniter\Session\Handlers\FileHandler' driver.
INFO - 2023-02-01 13:59:17 --> Session: Class initialized using 'CodeIgniter\Session\Handlers\FileHandler' driver.
INFO - 2023-02-01 13:59:21 --> Session: Class initialized using 'CodeIgniter\Session\Handlers\FileHandler' driver.
CRITICAL - 2023-02-01 13:59:21 --> Attempt to read property "NAME" on string
in APPPATH\Views\home\BrgyOfficials.php on line 227.
 1 APPPATH\Views\home\BrgyOfficials.php(227): CodeIgniter\Debug\Exceptions->errorHandler(2, 'Attempt to read property "NAME" on string', 'APPPATH\\Views\\home\\BrgyOfficials.php', 227)
 2 SYSTEMPATH\View\View.php(213): include('APPPATH\\Views\\home\\BrgyOfficials.php')
 3 SYSTEMPATH\View\View.php(216): CodeIgniter\View\View->CodeIgniter\View\{closure}()
 4 SYSTEMPATH\Common.php(1177): CodeIgniter\View\View->render('home/BrgyOfficials.php', [], true)
 5 APPPATH\Controllers\Home.php(135): view('home/BrgyOfficials.php', [...])
 6 SYSTEMPATH\CodeIgniter.php(934): App\Controllers\Home->brgy()
 7 SYSTEMPATH\CodeIgniter.php(499): CodeIgniter\CodeIgniter->runController(Object(App\Controllers\Home))
 8 SYSTEMPATH\CodeIgniter.php(368): CodeIgniter\CodeIgniter->handleRequest(null, Object(Config\Cache), false)
 9 FCPATH\index.php(67): CodeIgniter\CodeIgniter->run()
10 SYSTEMPATH\Commands\Server\rewrite.php(47): require_once('FCPATH\\index.php')
INFO - 2023-02-01 14:00:58 --> Session: Class initialized using 'CodeIgniter\Session\Handlers\FileHandler' driver.
INFO - 2023-02-01 14:01:20 --> Session: Class initialized using 'CodeIgniter\Session\Handlers\FileHandler' driver.
INFO - 2023-02-01 14:01:24 --> Session: Class initialized using 'CodeIgniter\Session\Handlers\FileHandler' driver.
CRITICAL - 2023-02-01 14:01:24 --> Undefined property: stdClass::$EMAIL_ADDRESS
in APPPATH\Views\home\BrgyOfficials.php on line 229.
 1 APPPATH\Views\home\BrgyOfficials.php(229): CodeIgniter\Debug\Exceptions->errorHandler(2, 'Undefined property: stdClass::$EMAIL_ADDRESS', 'APPPATH\\Views\\home\\BrgyOfficials.php', 229)
 2 SYSTEMPATH\View\View.php(213): include('APPPATH\\Views\\home\\BrgyOfficials.php')
 3 SYSTEMPATH\View\View.php(216): CodeIgniter\View\View->CodeIgniter\View\{closure}()
 4 SYSTEMPATH\Common.php(1177): CodeIgniter\View\View->render('home/BrgyOfficials.php', [], true)
 5 APPPATH\Controllers\Home.php(135): view('home/BrgyOfficials.php', [...])
 6 SYSTEMPATH\CodeIgniter.php(934): App\Controllers\Home->brgy()
 7 SYSTEMPATH\CodeIgniter.php(499): CodeIgniter\CodeIgniter->runController(Object(App\Controllers\Home))
 8 SYSTEMPATH\CodeIgniter.php(368): CodeIgniter\CodeIgniter->handleRequest(null, Object(Config\Cache), false)
 9 FCPATH\index.php(67): CodeIgniter\CodeIgniter->run()
10 SYSTEMPATH\Commands\Server\rewrite.php(47): require_once('FCPATH\\index.php')
INFO - 2023-02-01 14:01:36 --> Session: Class initialized using 'CodeIgniter\Session\Handlers\FileHandler' driver.
INFO - 2023-02-01 14:01:38 --> Session: Class initialized using 'CodeIgniter\Session\Handlers\FileHandler' driver.
INFO - 2023-02-01 14:01:42 --> Session: Class initialized using 'CodeIgniter\Session\Handlers\FileHandler' driver.
INFO - 2023-02-01 14:01:55 --> Session: Class initialized using 'CodeIgniter\Session\Handlers\FileHandler' driver.
INFO - 2023-02-01 14:01:55 --> Session: Class initialized using 'CodeIgniter\Session\Handlers\FileHandler' driver.
INFO - 2023-02-01 14:02:03 --> Session: Class initialized using 'CodeIgniter\Session\Handlers\FileHandler' driver.
INFO - 2023-02-01 14:02:13 --> Session: Class initialized using 'CodeIgniter\Session\Handlers\FileHandler' driver.
INFO - 2023-02-01 14:02:13 --> Session: Class initialized using 'CodeIgniter\Session\Handlers\FileHandler' driver.
INFO - 2023-02-01 14:05:51 --> Session: Class initialized using 'CodeIgniter\Session\Handlers\FileHandler' driver.
INFO - 2023-02-01 14:06:07 --> Session: Class initialized using 'CodeIgniter\Session\Handlers\FileHandler' driver.
INFO - 2023-02-01 14:06:13 --> Session: Class initialized using 'CodeIgniter\Session\Handlers\FileHandler' driver.
INFO - 2023-02-01 14:07:30 --> Session: Class initialized using 'CodeIgniter\Session\Handlers\FileHandler' driver.
INFO - 2023-02-01 14:07:58 --> Session: Class initialized using 'CodeIgniter\Session\Handlers\FileHandler' driver.
INFO - 2023-02-01 14:07:58 --> Session: Class initialized using 'CodeIgniter\Session\Handlers\FileHandler' driver.
INFO - 2023-02-01 14:09:37 --> Session: Class initialized using 'CodeIgniter\Session\Handlers\FileHandler' driver.
INFO - 2023-02-01 14:10:48 --> Session: Class initialized using 'CodeIgniter\Session\Handlers\FileHandler' driver.
ERROR - 2023-02-01 14:11:12 --> mysqli_sql_exception: Column 'EMAIL_ADD' cannot be null in C:\Users\Shin\Desktop\DRR-Project\govt-web-system\system\Database\MySQLi\Connection.php:295
Stack trace:
#0 C:\Users\Shin\Desktop\DRR-Project\govt-web-system\system\Database\MySQLi\Connection.php(295): mysqli->query('INSERT INTO `br...', 0)
#1 C:\Users\Shin\Desktop\DRR-Project\govt-web-system\system\Database\BaseConnection.php(691): CodeIgniter\Database\MySQLi\Connection->execute('INSERT INTO `br...')
#2 C:\Users\Shin\Desktop\DRR-Project\govt-web-system\system\Database\BaseConnection.php(605): CodeIgniter\Database\BaseConnection->simpleQuery('INSERT INTO `br...')
#3 C:\Users\Shin\Desktop\DRR-Project\govt-web-system\system\Database\BaseBuilder.php(2295): CodeIgniter\Database\BaseConnection->query('INSERT INTO `br...', Array, false)
#4 C:\Users\Shin\Desktop\DRR-Project\govt-web-system\system\Model.php(329): CodeIgniter\Database\BaseBuilder->insert()
#5 C:\Users\Shin\Desktop\DRR-Project\govt-web-system\system\BaseModel.php(782): CodeIgniter\Model->doInsert(Array)
#6 C:\Users\Shin\Desktop\DRR-Project\govt-web-system\system\Model.php(729): CodeIgniter\BaseModel->insert(Array, false)
#7 C:\Users\Shin\Desktop\DRR-Project\govt-web-system\system\BaseModel.php(692): CodeIgniter\Model->insert(Array, false)
#8 C:\Users\Shin\Desktop\DRR-Project\govt-web-system\app\Controllers\Home.php(151): CodeIgniter\BaseModel->save(Array)
#9 C:\Users\Shin\Desktop\DRR-Project\govt-web-system\system\CodeIgniter.php(934): App\Controllers\Home->add_brgy()
#10 C:\Users\Shin\Desktop\DRR-Project\govt-web-system\system\CodeIgniter.php(499): CodeIgniter\CodeIgniter->runController(Object(App\Controllers\Home))
#11 C:\Users\Shin\Desktop\DRR-Project\govt-web-system\system\CodeIgniter.php(368): CodeIgniter\CodeIgniter->handleRequest(NULL, Object(Config\Cache), false)
#12 C:\Users\Shin\Desktop\DRR-Project\govt-web-system\public\index.php(67): CodeIgniter\CodeIgniter->run()
#13 C:\Users\Shin\Desktop\DRR-Project\govt-web-system\system\Commands\Server\rewrite.php(47): require_once('C:\\Users\\Shin\\D...')
#14 {main}
CRITICAL - 2023-02-01 14:11:12 --> Column 'EMAIL_ADD' cannot be null
in SYSTEMPATH\Database\BaseConnection.php on line 645.
 1 SYSTEMPATH\Database\BaseBuilder.php(2295): CodeIgniter\Database\BaseConnection->query('INSERT INTO `brgy` (`BRGY`, `NAME`, `CONTACT_NUMBER`, `EMAIL_ADD`) VALUES (:BRGY:, :NAME:, :CONTACT_NUMBER:, :EMAIL_ADD:)', [...], false)
 2 SYSTEMPATH\Model.php(329): CodeIgniter\Database\BaseBuilder->insert()
 3 SYSTEMPATH\BaseModel.php(782): CodeIgniter\Model->doInsert([...])
 4 SYSTEMPATH\Model.php(729): CodeIgniter\BaseModel->insert([...], false)
 5 SYSTEMPATH\BaseModel.php(692): CodeIgniter\Model->insert([...], false)
 6 APPPATH\Controllers\Home.php(151): CodeIgniter\BaseModel->save([...])
 7 SYSTEMPATH\CodeIgniter.php(934): App\Controllers\Home->add_brgy()
 8 SYSTEMPATH\CodeIgniter.php(499): CodeIgniter\CodeIgniter->runController(Object(App\Controllers\Home))
 9 SYSTEMPATH\CodeIgniter.php(368): CodeIgniter\CodeIgniter->handleRequest(null, Object(Config\Cache), false)
10 FCPATH\index.php(67): CodeIgniter\CodeIgniter->run()
11 SYSTEMPATH\Commands\Server\rewrite.php(47): require_once('FCPATH\\index.php')
INFO - 2023-02-01 14:15:38 --> Session: Class initialized using 'CodeIgniter\Session\Handlers\FileHandler' driver.
INFO - 2023-02-01 14:15:39 --> Session: Class initialized using 'CodeIgniter\Session\Handlers\FileHandler' driver.
INFO - 2023-02-01 14:15:51 --> Session: Class initialized using 'CodeIgniter\Session\Handlers\FileHandler' driver.
INFO - 2023-02-01 14:15:51 --> Session: Class initialized using 'CodeIgniter\Session\Handlers\FileHandler' driver.
